<?xml version="1.0" encoding="UTF-8"?>
<!-- Generated by org.testng.reporters.JUnitXMLReporter -->
<testsuite ignored="13" hostname="Nidhi" failures="1" tests="1" name="Default test" time="1.642" errors="0" timestamp="2025-02-06T10:03:22 IST">
  <testcase classname="tests.TC__002_Login" name="loginUICheck" time="0.153">
    <failure type="java.lang.NullPointerException">
      <![CDATA[java.lang.NullPointerException
at java.base/java.util.Objects.requireNonNull(Objects.java:220)
at org.openqa.selenium.support.ui.FluentWait.<init>(FluentWait.java:106)
at org.openqa.selenium.support.ui.WebDriverWait.<init>(WebDriverWait.java:85)
at org.openqa.selenium.support.ui.WebDriverWait.<init>(WebDriverWait.java:45)
at com.mappls.map.features.BaseFeatures.<init>(BaseFeatures.java:40)
at com.mappls.map.features.TC__001_RegistrationFeature.<init>(TC__001_RegistrationFeature.java:25)
at tests.TC__002_Login.loginUICheck(TC__002_Login.java:26)
at java.base/jdk.internal.reflect.DirectMethodHandleAccessor.invoke(DirectMethodHandleAccessor.java:103)
at java.base/java.lang.reflect.Method.invoke(Method.java:580)
at org.testng.internal.MethodInvocationHelper.invokeMethod(MethodInvocationHelper.java:133)
at org.testng.internal.TestInvoker.invokeMethod(TestInvoker.java:598)
at org.testng.internal.TestInvoker.invokeTestMethod(TestInvoker.java:173)
at org.testng.internal.MethodRunner.runInSequence(MethodRunner.java:46)
at org.testng.internal.TestInvoker$MethodInvocationAgent.invoke(TestInvoker.java:824)
at org.testng.internal.TestInvoker.invokeTestMethods(TestInvoker.java:146)
at org.testng.internal.TestMethodWorker.invokeTestMethods(TestMethodWorker.java:146)
at org.testng.internal.TestMethodWorker.run(TestMethodWorker.java:128)
at java.base/java.util.ArrayList.forEach(ArrayList.java:1597)
at org.testng.TestRunner.privateRun(TestRunner.java:794)
at org.testng.TestRunner.run(TestRunner.java:596)
at org.testng.SuiteRunner.runTest(SuiteRunner.java:377)
at org.testng.SuiteRunner.runSequentially(SuiteRunner.java:371)
at org.testng.SuiteRunner.privateRun(SuiteRunner.java:332)
at org.testng.SuiteRunner.run(SuiteRunner.java:276)
at org.testng.SuiteRunnerWorker.runSuite(SuiteRunnerWorker.java:53)
at org.testng.SuiteRunnerWorker.run(SuiteRunnerWorker.java:96)
at org.testng.TestNG.runSuitesSequentially(TestNG.java:1212)
at org.testng.TestNG.runSuitesLocally(TestNG.java:1134)
at org.testng.TestNG.runSuites(TestNG.java:1063)
at org.testng.TestNG.run(TestNG.java:1031)
at org.testng.remote.AbstractRemoteTestNG.run(AbstractRemoteTestNG.java:115)
at org.testng.remote.RemoteTestNG.initAndRun(RemoteTestNG.java:293)
at org.testng.remote.RemoteTestNG.main(RemoteTestNG.java:91)
]]>
    </failure>
  </testcase> <!-- loginUICheck -->
  <testcase classname="tests.TC__002_Login" name="userLoginWithEmail" time="0.0">
    <ignored/>
  </testcase> <!-- userLoginWithEmail -->
  <testcase classname="tests.TC__002_Login" name="userLoginWithInvalidMail" time="0.0">
    <ignored/>
  </testcase> <!-- userLoginWithInvalidMail -->
  <testcase classname="tests.TC__002_Login" name="userLoginWithNumber" time="0.0">
    <ignored/>
  </testcase> <!-- userLoginWithNumber -->
  <testcase classname="tests.TC__002_Login" name="userLoginWithInvalidMobile" time="0.0">
    <ignored/>
  </testcase> <!-- userLoginWithInvalidMobile -->
  <testcase classname="tests.TC__002_Login" name="userLoginWithValidNameInvalidPsw" time="0.0">
    <ignored/>
  </testcase> <!-- userLoginWithValidNameInvalidPsw -->
  <testcase classname="tests.TC__002_Login" name="verifyLoginAndRegister" time="0.0">
    <ignored/>
  </testcase> <!-- verifyLoginAndRegister -->
  <testcase classname="tests.TC__002_Login" name="userLoginWithUserId" time="0.0">
    <ignored/>
  </testcase> <!-- userLoginWithUserId -->
  <testcase classname="tests.TC__002_Login" name="userLoginWithValidUserIdInvalidPsw" time="0.0">
    <ignored/>
  </testcase> <!-- userLoginWithValidUserIdInvalidPsw -->
  <testcase classname="tests.TC__002_Login" name="userLohinWithInvalidPsw" time="0.0">
    <ignored/>
  </testcase> <!-- userLohinWithInvalidPsw -->
  <testcase classname="tests.TC__002_Login" name="guestUser" time="0.0">
    <ignored/>
  </testcase> <!-- guestUser -->
  <testcase classname="tests.TC__002_Login" name="guestUserHMLoginTxtMobile" time="0.0">
    <ignored/>
  </testcase> <!-- guestUserHMLoginTxtMobile -->
  <testcase classname="tests.TC__002_Login" name="guestUserHMLoginTxt" time="0.0">
    <ignored/>
  </testcase> <!-- guestUserHMLoginTxt -->
  <testcase classname="tests.TC__002_Login" name="userLoginValidNumberInvalidPsw" time="0.0">
    <ignored/>
  </testcase> <!-- userLoginValidNumberInvalidPsw -->
</testsuite> <!-- Default test -->
