<?xml version="1.0" encoding="UTF-8"?>
<!-- Generated by org.testng.reporters.JUnitXMLReporter -->
<testsuite ignored="0" hostname="Nidhi" failures="4" tests="76" name="Test" time="10533.122" errors="0" timestamp="2025-01-07T13:16:01 IST">
  <testcase classname="tests.TC__002_Login" name="loginUICheck" time="13.803"/>
  <testcase classname="tests.TC__002_Login" name="verifyLoginAndRegister" time="91.194"/>
  <testcase classname="tests.TC__002_Login" name="guestUser" time="15.336"/>
  <testcase classname="tests.TC__002_Login" name="userLoginWithEmail" time="25.779"/>
  <testcase classname="tests.TC__002_Login" name="userLoginWithInvalidMail" time="13.8"/>
  <testcase classname="tests.TC__002_Login" name="userLoginWithValidNameInvalidPsw" time="17.632"/>
  <testcase classname="tests.TC__002_Login" name="guestUserHMLoginTxt" time="16.28"/>
  <testcase classname="tests.TC__002_Login" name="userLoginWithNumber" time="23.856"/>
  <testcase classname="tests.TC__002_Login" name="userLoginValidNumberInvalidPsw" time="17.793"/>
  <testcase classname="tests.TC__002_Login" name="userLoginWithInvalidMobile" time="13.023"/>
  <testcase classname="tests.TC__002_Login" name="userLohinWithInvalidPsw" time="12.834"/>
  <testcase classname="tests.TC__002_Login" name="guestUserHMLoginTxtMobile" time="18.471"/>
  <testcase classname="tests.TC__002_Login" name="userLoginWithUserId" time="24.681"/>
  <testcase classname="tests.TC__002_Login" name="userLoginWithValidUserIdInvalidPsw" time="16.674"/>
  <testcase classname="tests.TC__011_Settings" name="settingsUI" time="166.855"/>
  <testcase classname="tests.TC__011_Settings" name="settingsChangePsw" time="458.005"/>
  <testcase classname="tests.TC__011_Settings" name="sttngsLogout" time="297.033"/>
  <testcase classname="tests.TC__011_Settings" name="unitFeature" time="479.761"/>
  <testcase classname="tests.TC__011_Settings" name="settingWithLoginSkipBTN" time="19.782">
    <skipped/>
  </testcase> <!-- settingWithLoginSkipBTN -->
  <testcase classname="tests.TC__011_Settings" name="settingWithLoginSkipBTN" time="196.916"/>
  <testcase classname="tests.TC__012_QuickAccessMenu" name="quickAccessUIVerification" time="47.33"/>
  <testcase classname="tests.TC__012_QuickAccessMenu" name="reportIssueAndContributionVerification" time="120.488"/>
  <testcase classname="tests.TC__012_QuickAccessMenu" name="locationOptionMainScreen" time="8.92"/>
  <testcase classname="tests.TC__012_QuickAccessMenu" name="getMapplsPinButtonWOL" time="35.193"/>
  <testcase classname="tests.TC__012_QuickAccessMenu" name="homeOption" time="954.136">
    <skipped/>
  </testcase> <!-- homeOption -->
  <testcase classname="tests.TC__012_QuickAccessMenu" name="homeOption" time="49.994"/>
  <testcase classname="tests.TC__012_QuickAccessMenu" name="workOption" time="192.044"/>
  <testcase classname="tests.TC__012_QuickAccessMenu" name="postWithLoginAndLocation" time="63.0"/>
  <testcase classname="tests.TC__012_QuickAccessMenu" name="postShareAndClose" time="60.306"/>
  <testcase classname="tests.TC__012_QuickAccessMenu" name="postAndContinue" time="62.527"/>
  <testcase classname="tests.TC__012_QuickAccessMenu" name="postShareAndHelpful" time="1139.252"/>
  <testcase classname="tests.TC__012_QuickAccessMenu" name="fixMapWithLogin" time="787.512"/>
  <testcase classname="tests.TC__012_QuickAccessMenu" name="fixMapWithOutLogin" time="49.204"/>
  <testcase classname="tests.TC__012_QuickAccessMenu" name="viewPostEventsByFilter" time="8.384">
    <failure type="java.lang.AssertionError" message="Failed expected [true] but found [false]">
      <![CDATA[java.lang.AssertionError: Failed expected [true] but found [false]
at com.mappls.map.features.TC__012_QuickAccessMenuFeature.postedEventsClick(TC__012_QuickAccessMenuFeature.java:775)
at com.mappls.map.features.TC__012_QuickAccessMenuFeature.viewPostedEvents(TC__012_QuickAccessMenuFeature.java:783)
at tests.TC__012_QuickAccessMenu.viewPostEventsByFilter(TC__012_QuickAccessMenu.java:194)
at java.base/java.util.ArrayList.forEach(ArrayList.java:1597)
... Removed 28 stack frames]]>
    </failure>
  </testcase> <!-- viewPostEventsByFilter -->
  <testcase classname="tests.TC__012_QuickAccessMenu" name="setHomeWithOutLogin" time="505.612"/>
  <testcase classname="tests.TC__012_QuickAccessMenu" name="setWorkWithOutLogin" time="191.949"/>
  <testcase classname="tests.TC__012_QuickAccessMenu" name="getMapplsPinButtonWL" time="57.977"/>
  <testcase classname="tests.TC__012_QuickAccessMenu" name="postMapAndViewPostedEvntVerification" time="50.003"/>
  <testcase classname="tests.TC__001_Rgisteration" name="welcomPageRegster" time="11.551"/>
  <testcase classname="tests.TC__001_Rgisteration" name="verifyLoginAndRegisterFlow" time="111.337"/>
  <testcase classname="tests.TC__001_Rgisteration" name="registrationWithNewEmail" time="82.315"/>
  <testcase classname="tests.TC__001_Rgisteration" name="registrationWithExistingEmail" time="15.018"/>
  <testcase classname="tests.TC__001_Rgisteration" name="newRegisterWithUserId" time="300.294"/>
  <testcase classname="tests.TC__001_Rgisteration" name="newRegisterWithEmptyFields" time="230.281">
    <skipped/>
  </testcase> <!-- newRegisterWithEmptyFields -->
  <testcase classname="tests.TC__001_Rgisteration" name="newRegisterWithEmptyFields" time="54.922"/>
  <testcase classname="tests.TC__001_Rgisteration" name="registerWithlessThanThreeCharacterName" time="193.942"/>
  <testcase classname="tests.TC__001_Rgisteration" name="registerWithStrongPsw" time="397.964"/>
  <testcase classname="tests.TC__001_Rgisteration" name="useMapGuestUser" time="106.861"/>
  <testcase classname="tests.TC__001_Rgisteration" name="registerWithNewMobileNummber" time="398.403"/>
  <testcase classname="tests.TC__001_Rgisteration" name="registrationWithExistingMobile" time="13.989"/>
  <testcase classname="tests.TC__001_Rgisteration" name="registerWithInvalidNumber" time="13.154"/>
  <testcase classname="tests.TC__001_Rgisteration" name="newRegisterWithInvalidUserId" time="13.916"/>
  <testcase classname="tests.TC__026_MapplsPinHome" name="mapplsPinHomePage" time="6.407"/>
  <testcase classname="tests.TC__026_MapplsPinHome" name="isMapplsPinBtnClickable" time="7.892"/>
  <testcase classname="tests.TC__026_MapplsPinHome" name="homePageUI" time="9.306"/>
  <testcase classname="tests.TC__026_MapplsPinHome" name="showMapplsPin" time="11.803"/>
  <testcase classname="tests.TC__026_MapplsPinHome" name="isSearchBtnWorking" time="93.638"/>
  <testcase classname="tests.TC__026_MapplsPinHome" name="isMapplsBtnClickableWOL" time="20.903"/>
  <testcase classname="tests.TC__026_MapplsPinHome" name="mapplsPinBtnWL" time="22.637"/>
  <testcase classname="tests.TC__026_MapplsPinHome" name="isMapplsPinCreated" time="43.221">
    <failure type="java.lang.AssertionError" message="expected [Namkum Industrial Area, Samlong, Ranchi, Jharkhand. 4 m from Sologix Energy Pvt Ltd, Pin-834001 (India)] but found [Kali Mandir Road Number 1, Upper Burdwan Compound, Lalpur, Ranchi, Jharkhand, 834001]">
      <![CDATA[java.lang.AssertionError: expected [Namkum Industrial Area, Samlong, Ranchi, Jharkhand. 4 m from Sologix Energy Pvt Ltd, Pin-834001 (India)] but found [Kali Mandir Road Number 1, Upper Burdwan Compound, Lalpur, Ranchi, Jharkhand, 834001]
at com.mappls.map.features.TC__026_MapplsPinHomeFeature.placeOnMap(TC__026_MapplsPinHomeFeature.java:854)
at com.mappls.map.features.TC__026_MapplsPinHomeFeature.createMapplsPinWLAndVerification(TC__026_MapplsPinHomeFeature.java:288)
at tests.TC__026_MapplsPinHome.isMapplsPinCreated(TC__026_MapplsPinHome.java:96)
at java.base/java.util.ArrayList.forEach(ArrayList.java:1597)
... Removed 31 stack frames]]>
    </failure>
  </testcase> <!-- isMapplsPinCreated -->
  <testcase classname="tests.TC__026_MapplsPinHome" name="shareMapplsPin" time="41.553"/>
  <testcase classname="tests.TC__026_MapplsPinHome" name="spreadAccomplishmentMaileShare" time="54.831"/>
  <testcase classname="tests.TC__026_MapplsPinHome" name="verifySharingPin" time="72.091"/>
  <testcase classname="tests.TC__026_MapplsPinHome" name="verifyAnotherMapplsPin" time="65.422"/>
  <testcase classname="tests.TC__026_MapplsPinHome" name="mapplsPinBackButton" time="67.386"/>
  <testcase classname="tests.TC__026_MapplsPinHome" name="createMapplsPinPageBackButton" time="25.381"/>
  <testcase classname="tests.TC__013_MapDisplay" name="mapDisplayUI" time="10.191"/>
  <testcase classname="tests.TC__013_MapDisplay" name="isMapplsLogoVisible" time="6.874"/>
  <testcase classname="tests.TC__013_MapDisplay" name="hybridSatellite" time="14.764"/>
  <testcase classname="tests.TC__013_MapDisplay" name="isMySaveBtnPresent" time="13.036"/>
  <testcase classname="tests.TC__013_MapDisplay" name="homeScreen" time="8.968"/>
  <testcase classname="tests.TC__018_GetMapplPin" name="mapplsPinUIVerification" time="105.185"/>
  <testcase classname="tests.TC__018_GetMapplPin" name="isVideoPlayINYoutube" time="12.674"/>
  <testcase classname="tests.TC__018_GetMapplPin" name="isMapplsPinButtonVisible" time="9.01"/>
  <testcase classname="tests.TC__018_GetMapplPin" name="createMapplsPinPageUIVerification" time="805.762">
    <failure type="java.lang.AssertionError" message="No suggestions found. expected [true] but found [false]">
      <![CDATA[java.lang.AssertionError: No suggestions found. expected [true] but found [false]
at com.mappls.map.features.TC__026_MapplsPinHomeFeature.placeOnMap(TC__026_MapplsPinHomeFeature.java:851)
at com.mappls.map.features.TC__026_MapplsPinHomeFeature.createMapplsPinWLAndVerification(TC__026_MapplsPinHomeFeature.java:288)
at com.mappls.map.features.TC__018_GetMapplsPinFeature.createMpplPinUI(TC__018_GetMapplsPinFeature.java:112)
at tests.TC__018_GetMapplPin.createMapplsPinPageUIVerification(TC__018_GetMapplPin.java:65)
at java.base/java.util.ArrayList.forEach(ArrayList.java:1597)
... Removed 28 stack frames]]>
    </failure>
  </testcase> <!-- createMapplsPinPageUIVerification -->
  <testcase classname="tests.TC__018_GetMapplPin" name="createMapplsPinPageUIVerification" time="814.637">
    <failure type="org.openqa.selenium.NoSuchSessionException" message="A session is either terminated or not started
Build info: version: &amp;apos;3.141.59&amp;apos;, revision: &amp;apos;e82be7d358&amp;apos;, time: &amp;apos;2018-11-14T08:17:03&amp;apos;
System info: host: &amp;apos;NIDHI&amp;apos;, ip: &amp;apos;192.168.1.100&amp;apos;, os.name: &amp;apos;Windows 11&amp;apos;, os.arch: &amp;apos;amd64&amp;apos;, os.version: &amp;apos;10.0&amp;apos;, java.version: &amp;apos;22.0.2&amp;apos;
Driver info: io.appium.java_client.android.AndroidDriver
Capabilities {appActivity: com.mmi.maps.ui.activities...., appPackage: com.mmi.maps, automationName: uiautomator2, databaseEnabled: false, desired: {appActivity: com.mmi.maps.ui.activities...., appPackage: com.mmi.maps, automationName: uiautomator2, deviceName: realme C11 2021, platformName: android, platformVersion: 14, udid: 0002203R600009E8}, deviceApiLevel: 30, deviceManufacturer: realme, deviceModel: RMX3231, deviceName: 0002203R600009E8, deviceScreenDensity: 320, deviceScreenSize: 720x1600, deviceUDID: 0002203R600009E8, javascriptEnabled: true, locationContextEnabled: false, networkConnectionEnabled: true, pixelRatio: 2, platform: LINUX, platformName: Android, platformVersion: 11, statBarHeight: 64, takesScreenshot: true, udid: 0002203R600009E8, viewportRect: {height: 1536, left: 0, top: 64, width: 720}, warnings: {}, webStorageEnabled: false}
Session ID: 162db34c-f2da-402d-8f2a-2b9a1dc07e72">
      <![CDATA[org.openqa.selenium.NoSuchSessionException: A session is either terminated or not started
Build info: version: '3.141.59', revision: 'e82be7d358', time: '2018-11-14T08:17:03'
System info: host: 'NIDHI', ip: '192.168.1.100', os.name: 'Windows 11', os.arch: 'amd64', os.version: '10.0', java.version: '22.0.2'
Driver info: io.appium.java_client.android.AndroidDriver
Capabilities {appActivity: com.mmi.maps.ui.activities...., appPackage: com.mmi.maps, automationName: uiautomator2, databaseEnabled: false, desired: {appActivity: com.mmi.maps.ui.activities...., appPackage: com.mmi.maps, automationName: uiautomator2, deviceName: realme C11 2021, platformName: android, platformVersion: 14, udid: 0002203R600009E8}, deviceApiLevel: 30, deviceManufacturer: realme, deviceModel: RMX3231, deviceName: 0002203R600009E8, deviceScreenDensity: 320, deviceScreenSize: 720x1600, deviceUDID: 0002203R600009E8, javascriptEnabled: true, locationContextEnabled: false, networkConnectionEnabled: true, pixelRatio: 2, platform: LINUX, platformName: Android, platformVersion: 11, statBarHeight: 64, takesScreenshot: true, udid: 0002203R600009E8, viewportRect: {height: 1536, left: 0, top: 64, width: 720}, warnings: {}, webStorageEnabled: false}
Session ID: 162db34c-f2da-402d-8f2a-2b9a1dc07e72
at org.openqa.selenium.remote.http.W3CHttpResponseCodec.createException(W3CHttpResponseCodec.java:187)
at org.openqa.selenium.remote.http.W3CHttpResponseCodec.decode(W3CHttpResponseCodec.java:122)
at org.openqa.selenium.remote.http.W3CHttpResponseCodec.decode(W3CHttpResponseCodec.java:49)
at org.openqa.selenium.remote.HttpCommandExecutor.execute(HttpCommandExecutor.java:158)
at io.appium.java_client.remote.AppiumCommandExecutor.execute(AppiumCommandExecutor.java:250)
at org.openqa.selenium.remote.RemoteWebDriver.execute(RemoteWebDriver.java:552)
at io.appium.java_client.DefaultGenericMobileDriver.execute(DefaultGenericMobileDriver.java:45)
at io.appium.java_client.AppiumDriver.execute(AppiumDriver.java:1)
at io.appium.java_client.android.AndroidDriver.execute(AndroidDriver.java:1)
at org.openqa.selenium.remote.RemoteWebDriver.getScreenshotAs(RemoteWebDriver.java:295)
at com.mappls.map.utils.MyTestListeners.onTestFailure(MyTestListeners.java:41)
at java.base/java.util.ArrayList.forEach(ArrayList.java:1597)
... Removed 27 stack frames]]>
    </failure>
  </testcase> <!-- createMapplsPinPageUIVerification -->
</testsuite> <!-- Test -->
